<?xml version="1.0" encoding="UTF-8"?>
<!-- Generated by org.testng.reporters.JUnitReportReporter -->
<testsuite hostname="PMAP-HYDPC-58" name="test.Newclass" tests="1" failures="0" timestamp="2 Aug 2018 07:03:11 GMT" time="0.011" errors="0">
  <testcase name="test1" time="0.011" classname="test.Newclass"/>
</testsuite> <!-- test.Newclass -->
